2021-07-06 16:29:52 [INFO ] c.p.r.NativeLoader:64 - ********************************
2021-07-06 16:29:52 [INFO ] c.p.r.NativeLoader:65 - Native library search paths: 
2021-07-06 16:29:52 [INFO ] c.p.r.NativeLoader:948 - C:\Users\m14\AppData\Roaming\PVS-Studio-Java\7.13.48133
2021-07-06 16:29:52 [INFO ] c.p.r.NativeLoader:948 - .
2021-07-06 16:29:52 [INFO ] c.p.r.NativeLoader:948 - C:\Users\m14\AppData\Roaming\PVS-Studio-Java\7.13.48133\..
2021-07-06 16:29:52 [INFO ] c.p.r.NativeLoader:948 - C:\Users\m14\AppData\Roaming\PVS-Studio-Java\7.13.48133\..\..
2021-07-06 16:29:52 [INFO ] c.p.r.NativeLoader:948 - C:\Users\m14\AppData\Roaming\PVS-Studio-Java\7.13.48133\..\..\build
2021-07-06 16:29:52 [INFO ] c.p.r.NativeLoader:67 - Additional path: native/win
2021-07-06 16:29:52 [INFO ] c.p.r.NativeLoader:76 - Native library found: C:\Users\m14\AppData\Roaming\PVS-Studio-Java\7.13.48133\native\win\analysis-core.dll
2021-07-06 16:29:52 [INFO ] c.p.r.NativeLoader:77 - ********************************
2021-07-06 16:29:56 [INFO ] c.p.p.JsonEvaluator:49 - Module: JM_Pre-Project_2_2_1
2021-07-06 16:29:56 [INFO ] c.p.p.JsonEvaluator:50 - Sources:
2021-07-06 16:29:56 [INFO ] c.p.p.JsonEvaluator:75 - C:/Users/m14/Desktop/Java/JM_Pre-Project_2_2_1-master/src/main/java
2021-07-06 16:29:56 [INFO ] c.p.p.JsonEvaluator:52 - Classpath:
2021-07-06 16:29:56 [INFO ] c.p.p.JsonEvaluator:75 - C:/Users/m14/.m2/repository/org/glassfish/jaxb/txw2/2.3.1/txw2-2.3.1.jar
2021-07-06 16:29:56 [INFO ] c.p.p.JsonEvaluator:75 - C:/Users/m14/.m2/repository/org/springframework/spring-tx/5.2.11.RELEASE/spring-tx-5.2.11.RELEASE.jar
2021-07-06 16:29:56 [INFO ] c.p.p.JsonEvaluator:75 - C:/Users/m14/.jdks/corretto-1.8.0_282/jre/lib/jsse.jar
2021-07-06 16:29:56 [INFO ] c.p.p.JsonEvaluator:75 - C:/Users/m14/.m2/repository/org/jvnet/staxex/stax-ex/1.8/stax-ex-1.8.jar
2021-07-06 16:29:56 [INFO ] c.p.p.JsonEvaluator:75 - C:/Users/m14/.m2/repository/org/hibernate/common/hibernate-commons-annotations/5.1.0.Final/hibernate-commons-annotations-5.1.0.Final.jar
2021-07-06 16:29:56 [INFO ] c.p.p.JsonEvaluator:75 - C:/Users/m14/.m2/repository/org/springframework/spring-context/5.2.11.RELEASE/spring-context-5.2.11.RELEASE.jar
2021-07-06 16:29:56 [INFO ] c.p.p.JsonEvaluator:75 - C:/Users/m14/.m2/repository/org/glassfish/jaxb/jaxb-runtime/2.3.1/jaxb-runtime-2.3.1.jar
2021-07-06 16:29:56 [INFO ] c.p.p.JsonEvaluator:75 - C:/Users/m14/.m2/repository/org/checkerframework/checker-qual/3.5.0/checker-qual-3.5.0.jar
2021-07-06 16:29:56 [INFO ] c.p.p.JsonEvaluator:75 - C:/Users/m14/.m2/repository/antlr/antlr/2.7.7/antlr-2.7.7.jar
2021-07-06 16:29:56 [INFO ] c.p.p.JsonEvaluator:75 - C:/Users/m14/.jdks/corretto-1.8.0_282/jre/lib/ext/dnsns.jar
2021-07-06 16:29:56 [INFO ] c.p.p.JsonEvaluator:75 - C:/Users/m14/.jdks/corretto-1.8.0_282/jre/lib/ext/sunmscapi.jar
2021-07-06 16:29:56 [INFO ] c.p.p.JsonEvaluator:75 - C:/Users/m14/.m2/repository/org/postgresql/postgresql/42.2.22/postgresql-42.2.22.jar
2021-07-06 16:29:56 [INFO ] c.p.p.JsonEvaluator:75 - C:/Users/m14/.jdks/corretto-1.8.0_282/jre/lib/ext/jfxrt.jar
2021-07-06 16:29:56 [INFO ] c.p.p.JsonEvaluator:75 - C:/Users/m14/.jdks/corretto-1.8.0_282/jre/lib/ext/localedata.jar
2021-07-06 16:29:56 [INFO ] c.p.p.JsonEvaluator:75 - C:/Users/m14/.m2/repository/org/jboss/jandex/2.1.3.Final/jandex-2.1.3.Final.jar
2021-07-06 16:29:56 [INFO ] c.p.p.JsonEvaluator:75 - C:/Users/m14/.m2/repository/net/bytebuddy/byte-buddy/1.10.10/byte-buddy-1.10.10.jar
2021-07-06 16:29:56 [INFO ] c.p.p.JsonEvaluator:75 - C:/Users/m14/.jdks/corretto-1.8.0_282/jre/lib/jfr.jar
2021-07-06 16:29:56 [INFO ] c.p.p.JsonEvaluator:75 - C:/Users/m14/.jdks/corretto-1.8.0_282/jre/lib/jfxswt.jar
2021-07-06 16:29:56 [INFO ] c.p.p.JsonEvaluator:75 - C:/Users/m14/.m2/repository/org/springframework/spring-orm/5.2.11.RELEASE/spring-orm-5.2.11.RELEASE.jar
2021-07-06 16:29:56 [INFO ] c.p.p.JsonEvaluator:75 - C:/Users/m14/.m2/repository/com/fasterxml/classmate/1.5.1/classmate-1.5.1.jar
2021-07-06 16:29:56 [INFO ] c.p.p.JsonEvaluator:75 - C:/Users/m14/.m2/repository/org/javassist/javassist/3.24.0-GA/javassist-3.24.0-GA.jar
2021-07-06 16:29:56 [INFO ] c.p.p.JsonEvaluator:75 - C:/Users/m14/.jdks/corretto-1.8.0_282/jre/lib/ext/jaccess.jar
2021-07-06 16:29:56 [INFO ] c.p.p.JsonEvaluator:75 - C:/Users/m14/.jdks/corretto-1.8.0_282/jre/lib/ext/sunec.jar
2021-07-06 16:29:56 [INFO ] c.p.p.JsonEvaluator:75 - C:/Users/m14/.jdks/corretto-1.8.0_282/jre/lib/ext/sunpkcs11.jar
2021-07-06 16:29:56 [INFO ] c.p.p.JsonEvaluator:75 - C:/Users/m14/.jdks/corretto-1.8.0_282/jre/lib/resources.jar
2021-07-06 16:29:56 [INFO ] c.p.p.JsonEvaluator:75 - C:/Users/m14/.jdks/corretto-1.8.0_282/jre/lib/ext/sunjce_provider.jar
2021-07-06 16:29:56 [INFO ] c.p.p.JsonEvaluator:75 - C:/Users/m14/.m2/repository/com/sun/xml/fastinfoset/FastInfoset/1.2.15/FastInfoset-1.2.15.jar
2021-07-06 16:29:56 [INFO ] c.p.p.JsonEvaluator:75 - C:/Users/m14/.jdks/corretto-1.8.0_282/jre/lib/ext/zipfs.jar
2021-07-06 16:29:56 [INFO ] c.p.p.JsonEvaluator:75 - C:/Users/m14/.m2/repository/org/dom4j/dom4j/2.1.3/dom4j-2.1.3.jar
2021-07-06 16:29:56 [INFO ] c.p.p.JsonEvaluator:75 - C:/Users/m14/.m2/repository/org/springframework/spring-jdbc/5.2.11.RELEASE/spring-jdbc-5.2.11.RELEASE.jar
2021-07-06 16:29:56 [INFO ] c.p.p.JsonEvaluator:75 - C:/Users/m14/.jdks/corretto-1.8.0_282/jre/lib/jce.jar
2021-07-06 16:29:56 [INFO ] c.p.p.JsonEvaluator:75 - C:/Users/m14/.m2/repository/javax/xml/bind/jaxb-api/2.3.1/jaxb-api-2.3.1.jar
2021-07-06 16:29:56 [INFO ] c.p.p.JsonEvaluator:75 - C:/Users/m14/.m2/repository/javax/activation/javax.activation-api/1.2.0/javax.activation-api-1.2.0.jar
2021-07-06 16:29:56 [INFO ] c.p.p.JsonEvaluator:75 - C:/Users/m14/.jdks/corretto-1.8.0_282/jre/lib/management-agent.jar
2021-07-06 16:29:56 [INFO ] c.p.p.JsonEvaluator:75 - C:/Users/m14/.jdks/corretto-1.8.0_282/jre/lib/ext/nashorn.jar
2021-07-06 16:29:56 [INFO ] c.p.p.JsonEvaluator:75 - C:/Users/m14/.m2/repository/org/jboss/spec/javax/transaction/jboss-transaction-api_1.2_spec/1.1.1.Final/jboss-transaction-api_1.2_spec-1.1.1.Final.jar
2021-07-06 16:29:56 [INFO ] c.p.p.JsonEvaluator:75 - C:/Users/m14/.m2/repository/org/springframework/spring-aop/5.2.11.RELEASE/spring-aop-5.2.11.RELEASE.jar
2021-07-06 16:29:56 [INFO ] c.p.p.JsonEvaluator:75 - C:/Users/m14/.m2/repository/org/springframework/spring-beans/5.2.11.RELEASE/spring-beans-5.2.11.RELEASE.jar
2021-07-06 16:29:56 [INFO ] c.p.p.JsonEvaluator:75 - C:/Users/m14/.m2/repository/org/hibernate/hibernate-core/5.4.22.Final/hibernate-core-5.4.22.Final.jar
2021-07-06 16:29:56 [INFO ] c.p.p.JsonEvaluator:75 - C:/Users/m14/.m2/repository/org/springframework/spring-core/5.2.11.RELEASE/spring-core-5.2.11.RELEASE.jar
2021-07-06 16:29:56 [INFO ] c.p.p.JsonEvaluator:75 - C:/Users/m14/.m2/repository/javax/persistence/javax.persistence-api/2.2/javax.persistence-api-2.2.jar
2021-07-06 16:29:56 [INFO ] c.p.p.JsonEvaluator:75 - C:/Users/m14/.jdks/corretto-1.8.0_282/jre/lib/charsets.jar
2021-07-06 16:29:56 [INFO ] c.p.p.JsonEvaluator:75 - C:/Users/m14/.m2/repository/org/jboss/logging/jboss-logging/3.3.2.Final/jboss-logging-3.3.2.Final.jar
2021-07-06 16:29:56 [INFO ] c.p.p.JsonEvaluator:75 - C:/Users/m14/.jdks/corretto-1.8.0_282/jre/lib/ext/cldrdata.jar
2021-07-06 16:29:56 [INFO ] c.p.p.JsonEvaluator:75 - C:/Users/m14/.jdks/corretto-1.8.0_282/jre/lib/ext/access-bridge-64.jar
2021-07-06 16:29:56 [INFO ] c.p.p.JsonEvaluator:75 - C:/Users/m14/.jdks/corretto-1.8.0_282/jre/lib/rt.jar
2021-07-06 16:29:56 [INFO ] c.p.p.JsonEvaluator:75 - C:/Users/m14/.m2/repository/org/springframework/spring-jcl/5.2.11.RELEASE/spring-jcl-5.2.11.RELEASE.jar
2021-07-06 16:29:56 [INFO ] c.p.p.JsonEvaluator:75 - C:/Users/m14/.m2/repository/org/springframework/spring-expression/5.2.11.RELEASE/spring-expression-5.2.11.RELEASE.jar
2021-07-06 16:29:56 [INFO ] c.p.p.JsonEvaluator:75 - C:/Users/m14/.m2/repository/com/sun/istack/istack-commons-runtime/3.0.7/istack-commons-runtime-3.0.7.jar
2021-07-06 16:29:56 [INFO ] c.p.p.IncrementalLauncher:278 - Build model from scratch...
2021-07-06 16:30:01 [INFO ] c.p.p.IncrementalLauncher:312 - Cache saving started.
2021-07-06 16:30:01 [WARN ] c.p.p.IncrementalLauncher:319 - Spoon compile error: The package java.util is accessible from more than one module: <unnamed>, java.base at C:\Users\m14\Desktop\Java\JM_Pre-Project_2_2_1-master\src\main\java\hiber\service\UserService.java:5
spoon.support.compiler.SnippetCompilationError: The package java.util is accessible from more than one module: <unnamed>, java.base at C:\Users\m14\Desktop\Java\JM_Pre-Project_2_2_1-master\src\main\java\hiber\service\UserService.java:5
	at spoon.support.compiler.jdt.JDTBasedSpoonCompiler.reportProblemsWhenCompiling(JDTBasedSpoonCompiler.java:609)
	at spoon.support.compiler.jdt.JDTBasedSpoonCompiler.compile(JDTBasedSpoonCompiler.java:167)
	at com.pvsstudio.projects.IncrementalLauncher.saveCache(IncrementalLauncher.java:315)
	at com.pvsstudio.projects.Module.build(Module.java:379)
	at com.pvsstudio.runner.ModuleWorker.run(ModuleWorker.java:52)
	at com.pvsstudio.runner.AnalyzerRunner.run(AnalyzerRunner.java:81)
	at com.pvsstudio.Main.main(Main.java:464)
2021-07-06 16:30:02 [INFO ] c.p.p.IncrementalLauncher:355 - Cache saving finished.
2021-07-06 16:30:02 [INFO ] c.p.p.Module:383 - Model build success.
